-------------------------------------------------------------------------------
Test set: com.grusade.mson.MSONProcessorTest
-------------------------------------------------------------------------------
Tests run: 1, Failures: 1, Errors: 0, Skipped: 0, Time elapsed: 0.325 sec <<< FAILURE!
sample(com.grusade.mson.MSONProcessorTest)  Time elapsed: 0.069 sec  <<< FAILURE!
junit.framework.ComparisonFailure: expected:<{
    "$schema": "http://json-schema.org/draft-04/schema#",
    "title": "Product",
    "description": "A product from Acme's catalog",
    "type": "object",
    "properties": {
        "id": {
            "description": "The unique identifier for a product",
            "type": "number"
        },
        "name": {
            "description": "Name of the product",
            "type": "string"
        },
        "price": {
            "type": "number"
        },
        "tags": {
            "type": "array",
            "items": {
                "type": "string"
            }
        }
    },
    "required": ["id", "name", "price"]
}> but was:<"h1": {"Product"}
"p": {"A product from Acme's catalog"}
"h2": {"Properties"}
["id: 1 (number, required) - The unique identifier for a product""name: A green door (string, required) - Name of the product""price: 12.50 (number, required)""tags: home, green (array"["string"]")"
]>
	at junit.framework.Assert.assertEquals(Assert.java:81)
	at junit.framework.Assert.assertEquals(Assert.java:87)
	at com.grusade.mson.MSONProcessorTest.testProcessor(MSONProcessorTest.java:82)
	at com.grusade.mson.MSONProcessorTest.runTest(MSONProcessorTest.java:88)
	at junit.framework.TestCase.runBare(TestCase.java:127)
	at junit.framework.TestResult$1.protect(TestResult.java:106)
	at junit.framework.TestResult.runProtected(TestResult.java:124)
	at junit.framework.TestResult.run(TestResult.java:109)
	at junit.framework.TestCase.run(TestCase.java:118)
	at junit.framework.TestSuite.runTest(TestSuite.java:208)
	at junit.framework.TestSuite.run(TestSuite.java:203)
	at sun.reflect.NativeMethodAccessorImpl.invoke0(Native Method)
	at sun.reflect.NativeMethodAccessorImpl.invoke(NativeMethodAccessorImpl.java:62)
	at sun.reflect.DelegatingMethodAccessorImpl.invoke(DelegatingMethodAccessorImpl.java:43)
	at java.lang.reflect.Method.invoke(Method.java:497)
	at org.apache.maven.surefire.junit.JUnitTestSet.execute(JUnitTestSet.java:95)
	at org.apache.maven.surefire.junit.JUnit3Provider.executeTestSet(JUnit3Provider.java:121)
	at org.apache.maven.surefire.junit.JUnit3Provider.invoke(JUnit3Provider.java:98)
	at sun.reflect.NativeMethodAccessorImpl.invoke0(Native Method)
	at sun.reflect.NativeMethodAccessorImpl.invoke(NativeMethodAccessorImpl.java:62)
	at sun.reflect.DelegatingMethodAccessorImpl.invoke(DelegatingMethodAccessorImpl.java:43)
	at java.lang.reflect.Method.invoke(Method.java:497)
	at org.apache.maven.surefire.util.ReflectionUtils.invokeMethodWithArray(ReflectionUtils.java:189)
	at org.apache.maven.surefire.booter.ProviderFactory$ProviderProxy.invoke(ProviderFactory.java:165)
	at org.apache.maven.surefire.booter.ProviderFactory.invokeProvider(ProviderFactory.java:85)
	at org.apache.maven.surefire.booter.ForkedBooter.runSuitesInProcess(ForkedBooter.java:115)
	at org.apache.maven.surefire.booter.ForkedBooter.main(ForkedBooter.java:75)

