<?xml version="1.0" encoding="UTF-8" ?>
<testsuite tests="1" failures="1" name="com.grusade.mson.MSONProcessorTest" time="0.069" errors="0" skipped="0">
  <properties>
[...]
</properties>
  <testcase classname="com.grusade.mson.MSONProcessorTest" name="sample" time="0.069">
    <failure message="expected:&lt;{
    &quot;$schema&quot;: &quot;http://json-schema.org/draft-04/schema#&quot;,
    &quot;title&quot;: &quot;Product&quot;,
    &quot;description&quot;: &quot;A product from Acme&apos;s catalog&quot;,
    &quot;type&quot;: &quot;object&quot;,
    &quot;properties&quot;: {
        &quot;id&quot;: {
            &quot;description&quot;: &quot;The unique identifier for a product&quot;,
            &quot;type&quot;: &quot;number&quot;
        },
        &quot;name&quot;: {
            &quot;description&quot;: &quot;Name of the product&quot;,
            &quot;type&quot;: &quot;string&quot;
        },
        &quot;price&quot;: {
            &quot;type&quot;: &quot;number&quot;
        },
        &quot;tags&quot;: {
            &quot;type&quot;: &quot;array&quot;,
            &quot;items&quot;: {
                &quot;type&quot;: &quot;string&quot;
            }
        }
    },
    &quot;required&quot;: [&quot;id&quot;, &quot;name&quot;, &quot;price&quot;]
}&gt; but was:&lt;&quot;h1&quot;: {&quot;Product&quot;}
&quot;p&quot;: {&quot;A product from Acme&apos;s catalog&quot;}
&quot;h2&quot;: {&quot;Properties&quot;}
[&quot;id: 1 (number, required) - The unique identifier for a product&quot;&quot;name: A green door (string, required) - Name of the product&quot;&quot;price: 12.50 (number, required)&quot;&quot;tags: home, green (array&quot;[&quot;string&quot;]&quot;)&quot;
]&gt;" type="junit.framework.ComparisonFailure">junit.framework.ComparisonFailure: expected:&lt;{
    &quot;$schema&quot;: &quot;http://json-schema.org/draft-04/schema#&quot;,
    &quot;title&quot;: &quot;Product&quot;,
    &quot;description&quot;: &quot;A product from Acme&apos;s catalog&quot;,
    &quot;type&quot;: &quot;object&quot;,
    &quot;properties&quot;: {
        &quot;id&quot;: {
            &quot;description&quot;: &quot;The unique identifier for a product&quot;,
            &quot;type&quot;: &quot;number&quot;
        },
        &quot;name&quot;: {
            &quot;description&quot;: &quot;Name of the product&quot;,
            &quot;type&quot;: &quot;string&quot;
        },
        &quot;price&quot;: {
            &quot;type&quot;: &quot;number&quot;
        },
        &quot;tags&quot;: {
            &quot;type&quot;: &quot;array&quot;,
            &quot;items&quot;: {
                &quot;type&quot;: &quot;string&quot;
            }
        }
    },
    &quot;required&quot;: [&quot;id&quot;, &quot;name&quot;, &quot;price&quot;]
}&gt; but was:&lt;&quot;h1&quot;: {&quot;Product&quot;}
&quot;p&quot;: {&quot;A product from Acme&apos;s catalog&quot;}
&quot;h2&quot;: {&quot;Properties&quot;}
[&quot;id: 1 (number, required) - The unique identifier for a product&quot;&quot;name: A green door (string, required) - Name of the product&quot;&quot;price: 12.50 (number, required)&quot;&quot;tags: home, green (array&quot;[&quot;string&quot;]&quot;)&quot;
]&gt;
	at junit.framework.Assert.assertEquals(Assert.java:81)
	at junit.framework.Assert.assertEquals(Assert.java:87)
	at com.grusade.mson.MSONProcessorTest.testProcessor(MSONProcessorTest.java:82)
	at com.grusade.mson.MSONProcessorTest.runTest(MSONProcessorTest.java:88)
	at junit.framework.TestCase.runBare(TestCase.java:127)
	at junit.framework.TestResult$1.protect(TestResult.java:106)
	at junit.framework.TestResult.runProtected(TestResult.java:124)
	at junit.framework.TestResult.run(TestResult.java:109)
	at junit.framework.TestCase.run(TestCase.java:118)
	at junit.framework.TestSuite.runTest(TestSuite.java:208)
	at junit.framework.TestSuite.run(TestSuite.java:203)
	at sun.reflect.NativeMethodAccessorImpl.invoke0(Native Method)
	at sun.reflect.NativeMethodAccessorImpl.invoke(NativeMethodAccessorImpl.java:62)
	at sun.reflect.DelegatingMethodAccessorImpl.invoke(DelegatingMethodAccessorImpl.java:43)
	at java.lang.reflect.Method.invoke(Method.java:497)
	at org.apache.maven.surefire.junit.JUnitTestSet.execute(JUnitTestSet.java:95)
	at org.apache.maven.surefire.junit.JUnit3Provider.executeTestSet(JUnit3Provider.java:121)
	at org.apache.maven.surefire.junit.JUnit3Provider.invoke(JUnit3Provider.java:98)
	at sun.reflect.NativeMethodAccessorImpl.invoke0(Native Method)
	at sun.reflect.NativeMethodAccessorImpl.invoke(NativeMethodAccessorImpl.java:62)
	at sun.reflect.DelegatingMethodAccessorImpl.invoke(DelegatingMethodAccessorImpl.java:43)
	at java.lang.reflect.Method.invoke(Method.java:497)
	at org.apache.maven.surefire.util.ReflectionUtils.invokeMethodWithArray(ReflectionUtils.java:189)
	at org.apache.maven.surefire.booter.ProviderFactory$ProviderProxy.invoke(ProviderFactory.java:165)
	at org.apache.maven.surefire.booter.ProviderFactory.invokeProvider(ProviderFactory.java:85)
	at org.apache.maven.surefire.booter.ForkedBooter.runSuitesInProcess(ForkedBooter.java:115)
	at org.apache.maven.surefire.booter.ForkedBooter.main(ForkedBooter.java:75)
</failure>
    <system-out>/Users/anamika/Documents/workspace/markdown/mson-parser/src/test/resources/sample.md
sample
</system-out>
  </testcase>
</testsuite>